# JRE version: Java(TM) SE Runtime Environment (17.0.12+8) (build 17.0.12+8-LTS-286)
# Java VM: Java HotSpot(TM) 64-Bit Server VM (17.0.12+8-LTS-286, mixed mode, sharing, tiered, compressed oops, compressed class ptrs, g1 gc, windows-amd64)
GC Precious Log:
 CPUs: 8 total, 8 available
 Memory: 16118M
 Large Page Support: Disabled
 NUMA Support: Disabled
 Compressed Oops: Enabled (Zero based)
 Heap Region Size: 2M
 Heap Min Capacity: 8M
 Heap Initial Capacity: 252M
 Heap Max Capacity: 4030M
 Pre-touch: Disabled
 Parallel Workers: 8
 Concurrent Workers: 2
 Concurrent Refinement Workers: 8
 Periodic GC: Disabled
Heap:
 garbage-first heap   total 75776K, used 56542K [0x0000000704200000, 0x0000000800000000)
  region size 2048K, 15 young (30720K), 1 survivors (2048K)
 Metaspace       used 81008K, committed 81600K, reserved 1179648K
  class space    used 10612K, committed 10944K, reserved 1048576K
GC Heap History (20 events):
Event: 60892.091 GC heap before
{Heap before GC invocations=55 (full 0):
 garbage-first heap   total 75776K, used 62728K [0x0000000704200000, 0x0000000800000000)
  region size 2048K, 16 young (32768K), 1 survivors (2048K)
 Metaspace       used 80945K, committed 81536K, reserved 1179648K
  class space    used 10611K, committed 10944K, reserved 1048576K
}
Event: 60892.100 GC heap after
{Heap after GC invocations=56 (full 0):
 garbage-first heap   total 75776K, used 31807K [0x0000000704200000, 0x0000000800000000)
  region size 2048K, 1 young (2048K), 1 survivors (2048K)
 Metaspace       used 80945K, committed 81536K, reserved 1179648K
  class space    used 10611K, committed 10944K, reserved 1048576K
}
Event: 61252.779 GC heap before
{Heap before GC invocations=56 (full 0):
 garbage-first heap   total 75776K, used 62527K [0x0000000704200000, 0x0000000800000000)
  region size 2048K, 16 young (32768K), 1 survivors (2048K)
 Metaspace       used 80949K, committed 81536K, reserved 1179648K
  class space    used 10611K, committed 10944K, reserved 1048576K
}
Event: 61252.782 GC heap after
{Heap after GC invocations=57 (full 0):
 garbage-first heap   total 75776K, used 31765K [0x0000000704200000, 0x0000000800000000)
  region size 2048K, 1 young (2048K), 1 survivors (2048K)
 Metaspace       used 80949K, committed 81536K, reserved 1179648K
  class space    used 10611K, committed 10944K, reserved 1048576K
}
Event: 61615.158 GC heap before
{Heap before GC invocations=57 (full 0):
 garbage-first heap   total 75776K, used 62485K [0x0000000704200000, 0x0000000800000000)
  region size 2048K, 16 young (32768K), 1 survivors (2048K)
 Metaspace       used 80950K, committed 81536K, reserved 1179648K
  class space    used 10611K, committed 10944K, reserved 1048576K
}
Event: 61615.162 GC heap after
{Heap after GC invocations=58 (full 0):
 garbage-first heap   total 75776K, used 31746K [0x0000000704200000, 0x0000000800000000)
  region size 2048K, 1 young (2048K), 1 survivors (2048K)
 Metaspace       used 80950K, committed 81536K, reserved 1179648K
  class space    used 10611K, committed 10944K, reserved 1048576K
}
Event: 61944.102 GC heap before
{Heap before GC invocations=58 (full 0):
 garbage-first heap   total 75776K, used 62466K [0x0000000704200000, 0x0000000800000000)
  region size 2048K, 16 young (32768K), 1 survivors (2048K)
 Metaspace       used 80955K, committed 81536K, reserved 1179648K
  class space    used 10611K, committed 10944K, reserved 1048576K
}
Event: 61944.107 GC heap after
{Heap after GC invocations=59 (full 0):
 garbage-first heap   total 75776K, used 32062K [0x0000000704200000, 0x0000000800000000)
  region size 2048K, 1 young (2048K), 1 survivors (2048K)
 Metaspace       used 80955K, committed 81536K, reserved 1179648K
  class space    used 10611K, committed 10944K, reserved 1048576K
}
Event: 62305.004 GC heap before
{Heap before GC invocations=59 (full 0):
 garbage-first heap   total 75776K, used 62782K [0x0000000704200000, 0x0000000800000000)
  region size 2048K, 16 young (32768K), 1 survivors (2048K)
 Metaspace       used 80957K, committed 81536K, reserved 1179648K
  class space    used 10611K, committed 10944K, reserved 1048576K
}
Event: 62305.013 GC heap after
{Heap after GC invocations=60 (full 0):
 garbage-first heap   total 75776K, used 32017K [0x0000000704200000, 0x0000000800000000)
  region size 2048K, 1 young (2048K), 1 survivors (2048K)
 Metaspace       used 80957K, committed 81536K, reserved 1179648K
  class space    used 10611K, committed 10944K, reserved 1048576K
}
Event: 62695.526 GC heap before
{Heap before GC invocations=60 (full 0):
 garbage-first heap   total 75776K, used 62737K [0x0000000704200000, 0x0000000800000000)
  region size 2048K, 16 young (32768K), 1 survivors (2048K)
 Metaspace       used 80957K, committed 81536K, reserved 1179648K
  class space    used 10611K, committed 10944K, reserved 1048576K
}
Event: 62695.535 GC heap after
{Heap after GC invocations=61 (full 0):
 garbage-first heap   total 75776K, used 31800K [0x0000000704200000, 0x0000000800000000)
  region size 2048K, 1 young (2048K), 1 survivors (2048K)
 Metaspace       used 80957K, committed 81536K, reserved 1179648K
  class space    used 10611K, committed 10944K, reserved 1048576K
}
Event: 63056.246 GC heap before
{Heap before GC invocations=61 (full 0):
 garbage-first heap   total 75776K, used 62520K [0x0000000704200000, 0x0000000800000000)
  region size 2048K, 16 young (32768K), 1 survivors (2048K)
 Metaspace       used 80957K, committed 81536K, reserved 1179648K
  class space    used 10611K, committed 10944K, reserved 1048576K
}
Event: 63056.252 GC heap after
{Heap after GC invocations=62 (full 0):
 garbage-first heap   total 75776K, used 31766K [0x0000000704200000, 0x0000000800000000)
  region size 2048K, 1 young (2048K), 1 survivors (2048K)
 Metaspace       used 80957K, committed 81536K, reserved 1179648K
  class space    used 10611K, committed 10944K, reserved 1048576K
}
Event: 63417.030 GC heap before
{Heap before GC invocations=62 (full 0):
 garbage-first heap   total 75776K, used 62486K [0x0000000704200000, 0x0000000800000000)
  region size 2048K, 16 young (32768K), 1 survivors (2048K)
 Metaspace       used 80957K, committed 81536K, reserved 1179648K
  class space    used 10612K, committed 10944K, reserved 1048576K
}
Event: 63417.034 GC heap after
{Heap after GC invocations=63 (full 0):
 garbage-first heap   total 75776K, used 31837K [0x0000000704200000, 0x0000000800000000)
  region size 2048K, 1 young (2048K), 1 survivors (2048K)
 Metaspace       used 80957K, committed 81536K, reserved 1179648K
  class space    used 10612K, committed 10944K, reserved 1048576K
}
Event: 63747.070 GC heap before
{Heap before GC invocations=63 (full 0):
 garbage-first heap   total 75776K, used 62557K [0x0000000704200000, 0x0000000800000000)
  region size 2048K, 16 young (32768K), 1 survivors (2048K)
 Metaspace       used 81008K, committed 81600K, reserved 1179648K
  class space    used 10612K, committed 10944K, reserved 1048576K
}
Event: 63747.077 GC heap after
{Heap after GC invocations=64 (full 0):
 garbage-first heap   total 75776K, used 32130K [0x0000000704200000, 0x0000000800000000)
  region size 2048K, 1 young (2048K), 1 survivors (2048K)
 Metaspace       used 81008K, committed 81600K, reserved 1179648K
  class space    used 10612K, committed 10944K, reserved 1048576K
}
Event: 64107.909 GC heap before
{Heap before GC invocations=64 (full 0):
 garbage-first heap   total 75776K, used 62850K [0x0000000704200000, 0x0000000800000000)
  region size 2048K, 16 young (32768K), 1 survivors (2048K)
 Metaspace       used 81008K, committed 81600K, reserved 1179648K
  class space    used 10612K, committed 10944K, reserved 1048576K
}
Event: 64107.911 GC heap after
{Heap after GC invocations=65 (full 0):
 garbage-first heap   total 75776K, used 31966K [0x0000000704200000, 0x0000000800000000)
  region size 2048K, 1 young (2048K), 1 survivors (2048K)
 Metaspace       used 81008K, committed 81600K, reserved 1179648K
  class space    used 10612K, committed 10944K, reserved 1048576K
}

